Base path: '/Applications/Unity/2019.4.13f1/Unity.app/Contents', plugins path '/Applications/Unity/2019.4.13f1/PlaybackEngines'
Cmd: initializeCompiler
Cmd: compileComputeKernel
  api=14 insize=2134 outsize=2127 ok=1
Cmd: compileComputeKernel
  api=14 insize=3158 outsize=48832 ok=1
Cmd: compileComputeKernel
  api=14 insize=11176 outsize=11445 ok=1
Cmd: translateComputeKernel
  api=14 insize=11445 outsize=22657 ok=1
Cmd: translateComputeKernel
  api=14 insize=5781 outsize=8388 ok=1
Cmd: compileComputeKernel
  api=14 insize=18731 outsize=9375 ok=1
Cmd: translateComputeKernel
  api=14 insize=9375 outsize=16177 ok=1
Cmd: translateComputeKernel
  api=14 insize=11742 outsize=25442 ok=1
Cmd: compileComputeKernel
  api=14 insize=3174 outsize=2124 ok=1
Cmd: translateComputeKernel
  api=14 insize=2124 outsize=3338 ok=1
Cmd: compileSnippet
  api=14 type=1 insize=11688 outsize=4719 kw= pd=UNITY_ENABLE_REFLECTION_BUFFERS UNITY_USE_DITHER_MASK_FOR_ALPHABLENDED_SHADOWS UNITY_PBS_USE_BRDF1 UNITY_SPECCUBE_BOX_PROJECTION UNITY_SPECCUBE_BLENDING UNITY_ENABLE_DETAIL_NORMALMAP SHADER_API_DESKTOP UNITY_COLORSPACE_GAMMA UNITY_LIGHT_PROBE_PROXY_VOLUME UNITY_LIGHTMAP_FULL_HDR ok=1
